<?xml version="1.0" encoding="UTF-8"?>
<testsuite name="ApplicationControllerTest" tests="7" skipped="0" failures="0" errors="0" timestamp="2015-12-18T17:47:18" hostname="Brians-MacBook-Pro.local" time="0.004">
  <properties/>
  <testcase name="testDeleteRequest" classname="ApplicationControllerTest" time="0.003"/>
  <testcase name="testPatchRequest" classname="ApplicationControllerTest" time="0.0"/>
  <testcase name="test" classname="ApplicationControllerTest" time="0.001"/>
  <testcase name="testPutRequest" classname="ApplicationControllerTest" time="0.0"/>
  <testcase name="testPostRequest" classname="ApplicationControllerTest" time="0.0"/>
  <testcase name="testGetRequest" classname="ApplicationControllerTest" time="0.0"/>
  <testcase name="testOptionsRequest" classname="ApplicationControllerTest" time="0.0"/>
  <system-out><![CDATA[]]></system-out>
  <system-err><![CDATA[]]></system-err>
</testsuite>
