<?xml version="1.0" encoding="UTF-8"?>
<testsuite name="ParameterHandlerTest" tests="2" skipped="0" failures="0" errors="0" timestamp="2015-12-30T23:09:46" hostname="scar.local" time="0.016">
  <properties/>
  <testcase name="testReturnsOK" classname="ParameterHandlerTest" time="0.006"/>
  <testcase name="testIfReturnsDecodedParams" classname="ParameterHandlerTest" time="0.007"/>
  <system-out><![CDATA[]]></system-out>
  <system-err><![CDATA[]]></system-err>
</testsuite>
