<?xml version="1.0" encoding="UTF-8"?>
<testsuite name="servertest.RequestReaderTest" tests="3" skipped="0" failures="0" errors="0" timestamp="2015-12-18T17:47:18" hostname="Brians-MacBook-Pro.local" time="0.001">
  <properties/>
  <testcase name="testReadsARequestWithABodyGivenTheContentLength" classname="servertest.RequestReaderTest" time="0.0"/>
  <testcase name="testReadsStatusLine" classname="servertest.RequestReaderTest" time="0.0"/>
  <testcase name="testReadsInputWithHeaders" classname="servertest.RequestReaderTest" time="0.0"/>
  <system-out><![CDATA[]]></system-out>
  <system-err><![CDATA[]]></system-err>
</testsuite>
