<?xml version="1.0" encoding="UTF-8"?>
<testsuite name="RequestTest" tests="5" skipped="0" failures="0" errors="0" timestamp="2015-12-18T17:47:18" hostname="Brians-MacBook-Pro.local" time="0.002">
  <properties/>
  <testcase name="testSetBodyValue" classname="RequestTest" time="0.001"/>
  <testcase name="testBodyDefaultValue" classname="RequestTest" time="0.0"/>
  <testcase name="testAddHeader" classname="RequestTest" time="0.0"/>
  <testcase name="testSetMethodTypeInRequest" classname="RequestTest" time="0.0"/>
  <testcase name="testQueryDecode" classname="RequestTest" time="0.001"/>
  <system-out><![CDATA[]]></system-out>
  <system-err><![CDATA[]]></system-err>
</testsuite>
