<?xml version="1.0" encoding="UTF-8"?>
<testsuite name="RedirectHandlerTest" tests="1" skipped="0" failures="0" errors="0" timestamp="2015-12-30T23:09:46" hostname="scar.local" time="0.003">
  <properties/>
  <testcase name="testReturns302statusLineLine" classname="RedirectHandlerTest" time="0.003"/>
  <system-out><![CDATA[]]></system-out>
  <system-err><![CDATA[]]></system-err>
</testsuite>
