<?xml version="1.0" encoding="UTF-8"?>
<testsuite name="servertest.RequestParserTest" tests="5" skipped="0" failures="0" errors="0" timestamp="2015-12-18T17:47:18" hostname="Brians-MacBook-Pro.local" time="0.002">
  <properties/>
  <testcase name="testProcessesBodyDataIfHasContentLengthHeader" classname="servertest.RequestParserTest" time="0.001"/>
  <testcase name="testBuildsRequestLine" classname="servertest.RequestParserTest" time="0.0"/>
  <testcase name="testProcessesMultipleHeaders" classname="servertest.RequestParserTest" time="0.0"/>
  <testcase name="testProcessesAHeaderLine" classname="servertest.RequestParserTest" time="0.001"/>
  <testcase name="testWithHeaderWith3Components" classname="servertest.RequestParserTest" time="0.0"/>
  <system-out><![CDATA[]]></system-out>
  <system-err><![CDATA[]]></system-err>
</testsuite>
