<?xml version="1.0" encoding="UTF-8"?>
<testsuite name="ResourceTest" tests="4" skipped="0" failures="0" errors="0" timestamp="2015-12-30T23:09:46" hostname="scar.local" time="0.013">
  <properties/>
  <testcase name="testDeleteTheData" classname="ResourceTest" time="0.001"/>
  <testcase name="testPutSomeOtherData" classname="ResourceTest" time="0.002"/>
  <testcase name="testPostSomeData" classname="ResourceTest" time="0.003"/>
  <testcase name="testOptionsRequestHasAllowHeaders" classname="ResourceTest" time="0.001"/>
  <system-out><![CDATA[]]></system-out>
  <system-err><![CDATA[]]></system-err>
</testsuite>
