<?xml version="1.0" encoding="UTF-8"?>
<testsuite name="servertest.SettingsTest" tests="4" skipped="0" failures="0" errors="0" timestamp="2015-12-18T17:47:18" hostname="Brians-MacBook-Pro.local" time="0.003">
  <properties/>
  <testcase name="testDefaultPortAndPublicDir" classname="servertest.SettingsTest" time="0.0"/>
  <testcase name="testParseArgs" classname="servertest.SettingsTest" time="0.001"/>
  <testcase name="testCreatesRoutes" classname="servertest.SettingsTest" time="0.001"/>
  <testcase name="testCreatesLogsDirectory" classname="servertest.SettingsTest" time="0.001"/>
  <system-out><![CDATA[]]></system-out>
  <system-err><![CDATA[]]></system-err>
</testsuite>
