<?xml version="1.0" encoding="UTF-8"?>
<testsuite name="servertest.ServerRunnerTest" tests="17" skipped="0" failures="0" errors="0" timestamp="2015-12-18T17:47:18" hostname="Brians-MacBook-Pro.local" time="0.032">
  <properties/>
  <testcase name="testPostToRootNotAllowed" classname="servertest.ServerRunnerTest" time="0.002"/>
  <testcase name="testGetsRedirect302" classname="servertest.ServerRunnerTest" time="0.001"/>
  <testcase name="testRootReturns200OK" classname="servertest.ServerRunnerTest" time="0.002"/>
  <testcase name="testMethodOptions" classname="servertest.ServerRunnerTest" time="0.002"/>
  <testcase name="testGetsPNGContents" classname="servertest.ServerRunnerTest" time="0.002"/>
  <testcase name="testGetsPatchContentFile" classname="servertest.ServerRunnerTest" time="0.002"/>
  <testcase name="testFile1GetsContents" classname="servertest.ServerRunnerTest" time="0.002"/>
  <testcase name="testUndefinedRouteNotFound" classname="servertest.ServerRunnerTest" time="0.002"/>
  <testcase name="testParameters" classname="servertest.ServerRunnerTest" time="0.001"/>
  <testcase name="testGetsJPEGContents" classname="servertest.ServerRunnerTest" time="0.001"/>
  <testcase name="testGetsGIFContents" classname="servertest.ServerRunnerTest" time="0.002"/>
  <testcase name="testGetsFile2OK" classname="servertest.ServerRunnerTest" time="0.002"/>
  <testcase name="testGetsPartialContents" classname="servertest.ServerRunnerTest" time="0.002"/>
  <testcase name="testPostsFile2NotAllowed" classname="servertest.ServerRunnerTest" time="0.001"/>
  <testcase name="testGetsTextFileContents" classname="servertest.ServerRunnerTest" time="0.001"/>
  <testcase name="testLogsReturns401Unauthorized" classname="servertest.ServerRunnerTest" time="0.002"/>
  <testcase name="testLogsReturns200OK" classname="servertest.ServerRunnerTest" time="0.002"/>
  <system-out><![CDATA[]]></system-out>
  <system-err><![CDATA[Dec 18, 2015 11:47:18 AM server.ServerRunner run
INFO: POST / HTTP/1.1

Dec 18, 2015 11:47:18 AM server.ServerRunner run
INFO: GET /redirect HTTP/1.1

Dec 18, 2015 11:47:18 AM server.ServerRunner run
INFO: GET / HTTP/1.1

Dec 18, 2015 11:47:18 AM server.ServerRunner run
INFO: GET /method_options HTTP/1.1

Dec 18, 2015 11:47:18 AM server.ServerRunner run
INFO: GET /image.png HTTP/1.1

Dec 18, 2015 11:47:18 AM server.ServerRunner run
INFO: GET /patch_content.txt HTTP/1.1

Dec 18, 2015 11:47:18 AM server.ServerRunner run
INFO: GET /file1 HTTP/1.1

Dec 18, 2015 11:47:18 AM server.ServerRunner run
INFO: GET /foobar HTTP/1.1

Dec 18, 2015 11:47:18 AM server.ServerRunner run
INFO: GET /parameters HTTP/1.1

Dec 18, 2015 11:47:18 AM server.ServerRunner run
INFO: GET /image.jpeg HTTP/1.1

Dec 18, 2015 11:47:18 AM server.ServerRunner run
INFO: GET /image.gif HTTP/1.1

Dec 18, 2015 11:47:18 AM server.ServerRunner run
INFO: GET /file2 HTTP/1.1

Dec 18, 2015 11:47:18 AM server.ServerRunner run
INFO: GET /partial_content.txt HTTP/1.1

Dec 18, 2015 11:47:18 AM server.ServerRunner run
INFO: POST /file1 HTTP/1.1

Dec 18, 2015 11:47:18 AM server.ServerRunner run
INFO: GET /text-file.txt HTTP/1.1

Dec 18, 2015 11:47:18 AM server.ServerRunner run
INFO: GET /logs HTTP/1.1

Dec 18, 2015 11:47:18 AM server.ServerRunner run
INFO: GET /logs HTTP/1.1
Authorization: Basic YWRtaW46aHVudGVyMg==


]]></system-err>
</testsuite>
