<?xml version="1.0" encoding="UTF-8"?>
<testsuite name="LogsHandlerTest" tests="1" skipped="0" failures="0" errors="0" timestamp="2015-12-18T17:47:18" hostname="Brians-MacBook-Pro.local" time="0.004">
  <properties/>
  <testcase name="testLogsHandler" classname="LogsHandlerTest" time="0.004"/>
  <system-out><![CDATA[]]></system-out>
  <system-err><![CDATA[]]></system-err>
</testsuite>
