<?xml version="1.0" encoding="UTF-8"?>
<testsuite name="RedirectHandlerTest" tests="1" skipped="0" failures="0" errors="0" timestamp="2015-12-18T17:47:18" hostname="Brians-MacBook-Pro.local" time="0.001">
  <properties/>
  <testcase name="testReturns302statusLineLine" classname="RedirectHandlerTest" time="0.001"/>
  <system-out><![CDATA[]]></system-out>
  <system-err><![CDATA[]]></system-err>
</testsuite>
