<?xml version="1.0" encoding="UTF-8"?>
<testsuite name="FileHandlerTest" tests="5" skipped="0" failures="0" errors="0" timestamp="2015-12-18T17:47:18" hostname="Brians-MacBook-Pro.local" time="0.015">
  <properties/>
  <testcase name="testReturns200OK" classname="FileHandlerTest" time="0.01"/>
  <testcase name="testMethodNotAllowedForPutRequest" classname="FileHandlerTest" time="0.0"/>
  <testcase name="testPatchContent" classname="FileHandlerTest" time="0.004"/>
  <testcase name="testMethodNotAllowedForPostRequest" classname="FileHandlerTest" time="0.0"/>
  <testcase name="testReturnsFile1Contents" classname="FileHandlerTest" time="0.001"/>
  <system-out><![CDATA[]]></system-out>
  <system-err><![CDATA[]]></system-err>
</testsuite>
